  GameWorld.cpp
C:\Users\Briggs\Desktop\CSC8503 Project\CSC8503\CSC8503Common\CollisionDetection.h(44,1): warning C4293: '<<': shift count negative or too big, undefined behavior
C:\Users\Briggs\Desktop\CSC8503 Project\CSC8503\CSC8503Common\CollisionDetection.h(45,1): warning C4293: '<<': shift count negative or too big, undefined behavior
C:\Users\Briggs\Desktop\CSC8503 Project\CSC8503\CSC8503Common\GameObjects.h(219,31): warning C4244: '=': conversion from 'int' to 'float', possible loss of data
C:\Users\Briggs\Desktop\CSC8503 Project\CSC8503\CSC8503Common\GameObjects.h(277,65): warning C4244: 'argument': conversion from 'int' to 'float', possible loss of data
C:\Users\Briggs\Desktop\CSC8503 Project\CSC8503\CSC8503Common\GameObjects.h(277,43): warning C4244: 'argument': conversion from 'int' to 'float', possible loss of data
C:\Users\Briggs\Desktop\CSC8503 Project\CSC8503\CSC8503Common\GameObjects.h(281,23): warning C4018: '<': signed/unsigned mismatch
  PhysicsObject.cpp
C:\Users\Briggs\Desktop\CSC8503 Project\CSC8503\CSC8503Common\CollisionDetection.h(44,1): warning C4293: '<<': shift count negative or too big, undefined behavior
C:\Users\Briggs\Desktop\CSC8503 Project\CSC8503\CSC8503Common\CollisionDetection.h(45,1): warning C4293: '<<': shift count negative or too big, undefined behavior
C:\Users\Briggs\Desktop\CSC8503 Project\CSC8503\CSC8503Common\GameObjects.h(219,31): warning C4244: '=': conversion from 'int' to 'float', possible loss of data
C:\Users\Briggs\Desktop\CSC8503 Project\CSC8503\CSC8503Common\GameObjects.h(277,65): warning C4244: 'argument': conversion from 'int' to 'float', possible loss of data
C:\Users\Briggs\Desktop\CSC8503 Project\CSC8503\CSC8503Common\GameObjects.h(277,43): warning C4244: 'argument': conversion from 'int' to 'float', possible loss of data
C:\Users\Briggs\Desktop\CSC8503 Project\CSC8503\CSC8503Common\GameObjects.h(281,23): warning C4018: '<': signed/unsigned mismatch
  PhysicsSystem.cpp
C:\Users\Briggs\Desktop\CSC8503 Project\CSC8503\CSC8503Common\CollisionDetection.h(44,1): warning C4293: '<<': shift count negative or too big, undefined behavior
C:\Users\Briggs\Desktop\CSC8503 Project\CSC8503\CSC8503Common\CollisionDetection.h(45,1): warning C4293: '<<': shift count negative or too big, undefined behavior
C:\Users\Briggs\Desktop\CSC8503 Project\CSC8503\CSC8503Common\GameObjects.h(219,31): warning C4244: '=': conversion from 'int' to 'float', possible loss of data
C:\Users\Briggs\Desktop\CSC8503 Project\CSC8503\CSC8503Common\GameObjects.h(277,65): warning C4244: 'argument': conversion from 'int' to 'float', possible loss of data
C:\Users\Briggs\Desktop\CSC8503 Project\CSC8503\CSC8503Common\GameObjects.h(277,43): warning C4244: 'argument': conversion from 'int' to 'float', possible loss of data
C:\Users\Briggs\Desktop\CSC8503 Project\CSC8503\CSC8503Common\GameObjects.h(281,23): warning C4018: '<': signed/unsigned mismatch
  PositionConstraint.cpp
C:\Users\Briggs\Desktop\CSC8503 Project\CSC8503\CSC8503Common\CollisionDetection.h(44,1): warning C4293: '<<': shift count negative or too big, undefined behavior
C:\Users\Briggs\Desktop\CSC8503 Project\CSC8503\CSC8503Common\CollisionDetection.h(45,1): warning C4293: '<<': shift count negative or too big, undefined behavior
C:\Users\Briggs\Desktop\CSC8503 Project\CSC8503\CSC8503Common\GameObjects.h(219,31): warning C4244: '=': conversion from 'int' to 'float', possible loss of data
C:\Users\Briggs\Desktop\CSC8503 Project\CSC8503\CSC8503Common\GameObjects.h(277,65): warning C4244: 'argument': conversion from 'int' to 'float', possible loss of data
C:\Users\Briggs\Desktop\CSC8503 Project\CSC8503\CSC8503Common\GameObjects.h(277,43): warning C4244: 'argument': conversion from 'int' to 'float', possible loss of data
C:\Users\Briggs\Desktop\CSC8503 Project\CSC8503\CSC8503Common\GameObjects.h(281,23): warning C4018: '<': signed/unsigned mismatch
  CSC8503Common.vcxproj -> C:\Users\Briggs\Desktop\CSC8503 Project\Win32\Release\CSC8503Common.lib
