  Maze.cpp
C:\Users\Briggs\Documents\GitHub\briggs-work\Coursework2\Maze.cpp(24,12): warning C4244: 'argument': conversion from 'time_t' to 'unsigned int', possible loss of data
C:\Users\Briggs\Documents\GitHub\briggs-work\Coursework2\Maze.cpp(88,12): warning C4244: 'argument': conversion from 'time_t' to 'unsigned int', possible loss of data
C:\Users\Briggs\Documents\GitHub\briggs-work\Coursework2\Maze.cpp(192,46): warning C4018: '<': signed/unsigned mismatch
C:\Users\Briggs\Documents\GitHub\briggs-work\Coursework2\Maze.cpp(229,60): warning C4244: '=': conversion from 'double' to 'float', possible loss of data
C:\Users\Briggs\Documents\GitHub\briggs-work\Coursework2\Maze.cpp(230,60): warning C4244: '=': conversion from 'double' to 'float', possible loss of data
C:\Users\Briggs\Documents\GitHub\briggs-work\Coursework2\Maze.cpp(231,60): warning C4244: '=': conversion from 'double' to 'float', possible loss of data
C:\Users\Briggs\Documents\GitHub\briggs-work\Coursework2\Maze.cpp(279,20): warning C4018: '<': signed/unsigned mismatch
C:\Users\Briggs\Documents\GitHub\briggs-work\Coursework2\Maze.cpp(285,20): warning C4018: '<': signed/unsigned mismatch
C:\Users\Briggs\Documents\GitHub\briggs-work\Coursework2\Maze.cpp(287,21): warning C4018: '<': signed/unsigned mismatch
C:\Users\Briggs\Documents\GitHub\briggs-work\Coursework2\Maze.cpp(344,20): warning C4018: '<': signed/unsigned mismatch
C:\Users\Briggs\Documents\GitHub\briggs-work\Coursework2\Maze.cpp(346,21): warning C4018: '<': signed/unsigned mismatch
C:\Users\Briggs\Documents\GitHub\briggs-work\Coursework2\Maze.cpp(360,44): warning C4018: '<=': signed/unsigned mismatch
C:\Users\Briggs\Documents\GitHub\briggs-work\Coursework2\Maze.cpp(396,20): warning C4018: '<': signed/unsigned mismatch
C:\Users\Briggs\Documents\GitHub\briggs-work\Coursework2\Maze.cpp(409,20): warning C4018: '<': signed/unsigned mismatch
C:\Users\Briggs\Documents\GitHub\briggs-work\Coursework2\Maze.cpp(411,22): warning C4018: '<': signed/unsigned mismatch
  Generating code
C:\Users\Briggs\Documents\GitHub\briggs-work\Coursework2\Driver.cpp(85): warning C4715: 'fullMenu': not all control paths return a value
  2 of 844 functions ( 0.2%) were compiled, the rest were copied from previous compilation.
    0 functions were new in current compilation
    17 functions had inline decision re-evaluated but remain unchanged
  Finished generating code
  Coursework2.vcxproj -> C:\Users\Briggs\Documents\GitHub\briggs-work\Coursework2\Release\Coursework2.exe
